Episode: 0, Score: -224.49, 100 score avg: -224.49
Episode: 256, Score: -320.68, 100 score avg: -188.92
Episode: 512, Score: -348.21, 100 score avg: -149.79
Episode: 768, Score: -187.46, 100 score avg: -116.30
Episode: 1024, Score: -271.27, 100 score avg: -115.32
Episode: 1280, Score:  -89.19, 100 score avg:  -47.64
Episode: 1536, Score:   39.30, 100 score avg:  -71.98
Episode: 1792, Score:  -25.57, 100 score avg:  -19.76
Episode: 2048, Score:  -49.82, 100 score avg:    0.72
Episode: 2304, Score:   28.63, 100 score avg:    6.52
Episode: 2560, Score:   54.51, 100 score avg:   20.19
Episode: 2816, Score:   26.26, 100 score avg:   18.97
Episode: 3072, Score:  -27.17, 100 score avg:   10.74
Episode: 3328, Score:   -7.19, 100 score avg:    2.75
Episode: 3584, Score:   43.14, 100 score avg:    5.88
Episode: 3840, Score:  -86.19, 100 score avg:    4.39
Episode: 4096, Score:   35.39, 100 score avg:   26.65
Episode: 4352, Score:   69.81, 100 score avg:    8.45
Episode: 4608, Score:   54.76, 100 score avg:   26.64
Episode: 4864, Score:   30.82, 100 score avg:   33.18
Episode: 5120, Score:   51.37, 100 score avg:   42.56
Episode: 5376, Score:   39.47, 100 score avg:   27.88
Episode: 5632, Score:   84.99, 100 score avg:   55.37
Episode: 5888, Score:  -28.76, 100 score avg:  -99.92
Episode: 6144, Score:   37.86, 100 score avg:   46.54
Episode: 6400, Score:   37.12, 100 score avg:   54.19
Episode: 6656, Score:   32.28, 100 score avg:   69.97
Episode: 6912, Score:   57.60, 100 score avg:   71.97
Episode: 7168, Score:   71.27, 100 score avg:   63.74
Episode: 7424, Score:   67.55, 100 score avg:   68.82
Episode: 7680, Score:   54.05, 100 score avg:   70.17
Episode: 7936, Score:  105.41, 100 score avg:   71.61
Episode: 8192, Score:   81.45, 100 score avg:   71.06
Episode: 8448, Score:  110.28, 100 score avg:   67.23
Episode: 8704, Score:   97.38, 100 score avg:   74.49
Episode: 8960, Score:   54.02, 100 score avg:   70.03
Episode: 9216, Score:   79.78, 100 score avg:   74.77
Episode: 9472, Score:   87.23, 100 score avg:   81.71
Episode: 9728, Score:   71.45, 100 score avg:   74.76
Episode: 9984, Score:   51.00, 100 score avg:   90.20
Episode: 10240, Score:   39.92, 100 score avg:   81.22
Episode: 10496, Score:  102.75, 100 score avg:   81.25
Episode: 10752, Score:   96.14, 100 score avg:   89.76
Episode: 11008, Score:   83.30, 100 score avg:   96.53
Episode: 11264, Score:  127.83, 100 score avg:   98.31
Episode: 11520, Score:   92.71, 100 score avg:  100.72
Episode: 11776, Score:  144.28, 100 score avg:  106.08
Episode: 12032, Score:  131.50, 100 score avg:  102.11
Episode: 12288, Score:   85.75, 100 score avg:  100.93
Episode: 12544, Score:  107.65, 100 score avg:  105.57
Episode: 12800, Score:  109.66, 100 score avg:  109.64
Episode: 13056, Score:  144.17, 100 score avg:  112.13
Episode: 13312, Score:   97.01, 100 score avg:  109.09
Episode: 13568, Score:  124.71, 100 score avg:  107.61
Episode: 13824, Score:   86.77, 100 score avg:   70.61
Episode: 14080, Score:   98.04, 100 score avg:  104.12
Episode: 14336, Score:   99.16, 100 score avg:  108.12
Episode: 14592, Score:  135.88, 100 score avg:   99.36
Episode: 14848, Score:   84.07, 100 score avg:  104.28
Episode: 15104, Score:  107.50, 100 score avg:  104.03
Episode: 15360, Score:   39.88, 100 score avg:  111.09
Episode: 15616, Score:  116.18, 100 score avg:  115.46
Episode: 15872, Score:  102.64, 100 score avg:  115.89
Episode: 16128, Score:  254.22, 100 score avg:  126.97
Episode: 16384, Score:  150.12, 100 score avg:  125.47
Episode: 16640, Score:   92.63, 100 score avg:  145.52
Episode: 16896, Score:  289.98, 100 score avg:  128.40
Episode: 17152, Score:  219.84, 100 score avg:  138.12
Episode: 17408, Score:  127.85, 100 score avg:  141.62
Episode: 17664, Score:  108.50, 100 score avg:  144.31
Episode: 17920, Score:  113.88, 100 score avg:  153.26
Episode: 18176, Score:  108.74, 100 score avg:  151.72
Episode: 18432, Score:  117.01, 100 score avg:  148.14
Episode: 18688, Score:  168.26, 100 score avg:  163.10
Episode: 18944, Score:  130.01, 100 score avg:  163.39
Episode: 19200, Score:  130.77, 100 score avg:  154.82
Episode: 19456, Score:  116.67, 100 score avg:  162.81
Episode: 19712, Score:  -10.91, 100 score avg:  150.40
Episode: 19968, Score:  237.01, 100 score avg:  159.89
Episode: 20224, Score:  126.54, 100 score avg:  155.68
Episode: 20480, Score:  245.47, 100 score avg:  169.89
Episode: 20736, Score:  136.63, 100 score avg:  159.24
Episode: 20992, Score:  277.17, 100 score avg:  171.56
Episode: 21248, Score:  120.39, 100 score avg:  143.74
Episode: 21504, Score:  284.63, 100 score avg:  159.59
Episode: 21760, Score:  117.20, 100 score avg:  173.48
Episode: 22016, Score:  241.55, 100 score avg:  169.02
Episode: 22272, Score:   23.21, 100 score avg:  167.60
Episode: 22528, Score:  163.63, 100 score avg:  172.87
Episode: 22784, Score:  109.13, 100 score avg:  178.73
Episode: 23040, Score:  121.51, 100 score avg:  177.29
Episode: 23296, Score:  137.70, 100 score avg:  167.99
Episode: 23552, Score:  135.58, 100 score avg:  175.93
Episode: 23808, Score:  272.34, 100 score avg:  182.71
Episode: 24064, Score:  273.66, 100 score avg:  198.44
Episode: 24320, Score:  259.73, 100 score avg:  189.68
Episode: 24576, Score:    4.29, 100 score avg:  133.84
Episode: 24832, Score:  165.64, 100 score avg:  183.54
Episode: 25088, Score:  268.03, 100 score avg:  206.48
Episode: 25344, Score:  257.88, 100 score avg:  187.97
Episode: 25600, Score:  113.70, 100 score avg:  190.66
Episode: 25856, Score:  222.32, 100 score avg:  191.52
Episode: 26112, Score:  169.51, 100 score avg:  179.77
Episode: 26368, Score:  176.88, 100 score avg:  182.26
Episode: 26624, Score:  241.90, 100 score avg:  188.63
Episode: 26880, Score:  272.82, 100 score avg:  202.54
Episode: 27136, Score:  263.44, 100 score avg:  139.52
Episode: 27392, Score:  256.40, 100 score avg:  184.73
Episode: 27648, Score:  286.10, 100 score avg:  201.20
Episode: 27904, Score:  172.41, 100 score avg:  203.79
Episode: 28160, Score:  148.00, 100 score avg:  191.64
Episode: 28416, Score:  277.95, 100 score avg:  205.54
Episode: 28672, Score:   43.54, 100 score avg:  193.73
Episode: 28928, Score:   14.92, 100 score avg:  171.90
Episode: 29184, Score:  247.04, 100 score avg:  190.22
Episode: 29440, Score:  271.74, 100 score avg:  200.09
Episode: 29696, Score:  281.07, 100 score avg:  186.47
Episode: 29952, Score:  162.89, 100 score avg:  198.94
Episode: 30208, Score:  245.95, 100 score avg:  187.72
Episode: 30464, Score:  254.65, 100 score avg:  194.32
Episode: 30720, Score:  251.27, 100 score avg:  170.36
Episode: 30976, Score:   16.94, 100 score avg:  187.61
Episode: 31232, Score:  246.42, 100 score avg:  144.92
Episode: 31488, Score:  270.10, 100 score avg:  161.48
Episode: 31744, Score:  270.26, 100 score avg:  181.54
Episode: 32000, Score:  281.30, 100 score avg:  183.19
Episode: 32256, Score:  285.60, 100 score avg:  184.18
Episode: 32512, Score:  -12.41, 100 score avg:  145.43
Episode: 32768, Score:  182.60, 100 score avg:  176.99
Episode: 33024, Score:  226.15, 100 score avg:  187.80
Episode: 33280, Score:  209.45, 100 score avg:  177.39
Episode: 33536, Score:  197.23, 100 score avg:  178.13
Episode: 33792, Score:  269.68, 100 score avg:  183.54
Episode: 34048, Score:  282.51, 100 score avg:  181.94
Episode: 34304, Score:  -10.23, 100 score avg:  182.63
Episode: 34560, Score:  291.64, 100 score avg:  195.37
Episode: 34816, Score:  286.95, 100 score avg:  189.33
Episode: 35072, Score:  268.90, 100 score avg:  180.90
Episode: 35328, Score:   37.21, 100 score avg:  191.54
Episode: 35584, Score:  233.95, 100 score avg:  183.12
Episode: 35840, Score:   41.96, 100 score avg:  173.63
Episode: 36096, Score:  288.10, 100 score avg:  185.04
Episode: 36352, Score:  249.25, 100 score avg:  164.42
Episode: 36608, Score:   24.50, 100 score avg:  177.96
Episode: 36864, Score:  230.82, 100 score avg:  193.11
Episode: 37120, Score:  263.03, 100 score avg:  189.25
Episode: 37376, Score:  164.30, 100 score avg:  179.98
Episode: 37632, Score:  159.40, 100 score avg:  193.12
Episode: 37888, Score:  148.10, 100 score avg:  184.00
Episode: 38144, Score:   38.04, 100 score avg:  203.67
Episode: 38400, Score:  255.25, 100 score avg:  173.09
Episode: 38656, Score:  246.84, 100 score avg:  200.73
Episode: 38912, Score:  278.51, 100 score avg:  203.20
Episode: 39168, Score:  281.90, 100 score avg:  186.46
Episode: 39424, Score:  149.27, 100 score avg:  211.38
Episode: 39680, Score:  272.03, 100 score avg:  211.91
Episode: 39936, Score:  245.37, 100 score avg:  216.22
Episode: 40192, Score:  149.53, 100 score avg:  201.17
Episode: 40448, Score:  138.73, 100 score avg:  187.62
Episode: 40704, Score:  241.78, 100 score avg:  198.01
Episode: 40960, Score:  170.61, 100 score avg:  217.13
Episode: 41216, Score:  261.48, 100 score avg:  218.60
Episode: 41472, Score:  254.26, 100 score avg:  227.13
Episode: 41728, Score:  160.92, 100 score avg:  212.31
Episode: 41984, Score:  274.39, 100 score avg:  217.41
Episode: 42240, Score:  152.25, 100 score avg:  186.82
Episode: 42496, Score:  289.51, 100 score avg:  196.05
Episode: 42752, Score:  158.38, 100 score avg:  183.55
Episode: 43008, Score:  265.63, 100 score avg:  204.24
Episode: 43264, Score:  144.58, 100 score avg:  202.50
Episode: 43520, Score:  292.04, 100 score avg:  198.10
Episode: 43776, Score:  245.99, 100 score avg:  213.17
Episode: 44032, Score:  174.49, 100 score avg:  208.24
Episode: 44288, Score:  240.50, 100 score avg:  212.95
Episode: 44544, Score:  256.97, 100 score avg:  215.93
Episode: 44800, Score:  130.55, 100 score avg:  208.28
Episode: 45056, Score:  154.32, 100 score avg:  191.81
Episode: 45312, Score:  285.59, 100 score avg:  197.99
Episode: 45568, Score:  271.43, 100 score avg:  223.94
Episode: 45824, Score:  255.90, 100 score avg:  200.54
Episode: 46080, Score:  249.07, 100 score avg:  207.12
Episode: 46336, Score:  268.80, 100 score avg:  214.17
Episode: 46592, Score:  260.07, 100 score avg:  218.13
Episode: 46848, Score:  273.95, 100 score avg:  201.78
Episode: 47104, Score:  157.52, 100 score avg:  213.78
Episode: 47360, Score:  251.93, 100 score avg:  233.17
Episode: 47616, Score:  291.46, 100 score avg:  198.40
Episode: 47872, Score:  271.93, 100 score avg:  211.63
Episode: 48128, Score:  281.63, 100 score avg:  197.30
Episode: 48384, Score:  257.66, 100 score avg:  227.85
Episode: 48640, Score:  165.66, 100 score avg:  192.49
Episode: 48896, Score:  178.04, 100 score avg:  204.18
Episode: 49152, Score:  191.96, 100 score avg:  212.87
Episode: 49408, Score:  257.86, 100 score avg:  180.14
Episode: 49664, Score:  259.55, 100 score avg:  212.70
Episode: 49920, Score:  173.83, 100 score avg:  208.89
Episode: 50176, Score:  203.03, 100 score avg:  224.65
Episode: 50432, Score:  294.76, 100 score avg:  221.93
Episode: 50688, Score:  286.53, 100 score avg:  213.35
Episode: 50944, Score:  315.15, 100 score avg:  217.68
Episode: 51200, Score:  183.90, 100 score avg:  204.00
Episode: 51456, Score:  283.99, 100 score avg:  226.44
Episode: 51712, Score:   27.21, 100 score avg:  214.11
Episode: 51968, Score:   12.35, 100 score avg:  197.17
Episode: 52224, Score:  272.55, 100 score avg:  237.53
Episode: 52480, Score:  287.75, 100 score avg:  222.71
Episode: 52736, Score:  250.77, 100 score avg:  224.01
Episode: 52992, Score:  276.05, 100 score avg:  225.99
Episode: 53248, Score:  279.97, 100 score avg:  208.50
