Episode: 0, Score:  -95.62, 100 score avg:  -95.62
Episode: 256, Score:  -36.46, 100 score avg: -164.89
Episode: 512, Score: -352.67, 100 score avg: -126.69
Episode: 768, Score:  -93.34, 100 score avg: -135.22
Episode: 1024, Score:  -98.26, 100 score avg:  -94.67
Episode: 1280, Score: -222.98, 100 score avg:  -96.63
Episode: 1536, Score:  125.76, 100 score avg:  -40.23
Episode: 1792, Score:   84.40, 100 score avg:  -28.07
Episode: 2048, Score:    9.26, 100 score avg:  -13.14
Episode: 2304, Score:  -21.60, 100 score avg:    7.65
Episode: 2560, Score:  -11.10, 100 score avg:   13.98
Episode: 2816, Score:  234.09, 100 score avg:   22.05
Episode: 3072, Score:   -8.05, 100 score avg:   14.00
Episode: 3328, Score:   64.11, 100 score avg:   14.19
Episode: 3584, Score:  -23.66, 100 score avg:   14.88
Episode: 3840, Score:  -94.60, 100 score avg:   13.60
Episode: 4096, Score: -104.43, 100 score avg:   21.27
Episode: 4352, Score:   -6.61, 100 score avg:    3.82
Episode: 4608, Score:   -7.12, 100 score avg:    2.34
Episode: 4864, Score:   65.81, 100 score avg:   16.60
Episode: 5120, Score:   33.44, 100 score avg:   -6.92
Episode: 5376, Score:   29.83, 100 score avg:   15.32
Episode: 5632, Score:   68.46, 100 score avg:   23.75
Episode: 5888, Score:   81.86, 100 score avg:   29.51
Episode: 6144, Score:   49.03, 100 score avg:   35.40
Episode: 6400, Score:   49.91, 100 score avg:   28.29
Episode: 6656, Score:  -70.05, 100 score avg:   27.98
Episode: 6912, Score:  -63.43, 100 score avg:   54.96
Episode: 7168, Score:   50.55, 100 score avg:   57.56
Episode: 7424, Score:  -70.39, 100 score avg:   49.19
Episode: 7680, Score:    6.80, 100 score avg:   64.82
Episode: 7936, Score:   63.99, 100 score avg:   53.00
Episode: 8192, Score:   92.31, 100 score avg:   74.04
Episode: 8448, Score:   89.57, 100 score avg:   70.66
Episode: 8704, Score:   88.30, 100 score avg:   84.37
Episode: 8960, Score:   87.54, 100 score avg:   80.61
Episode: 9216, Score:   83.91, 100 score avg:   82.84
Episode: 9472, Score:   67.62, 100 score avg:   84.21
Episode: 9728, Score:   81.14, 100 score avg:   87.83
Episode: 9984, Score:   86.07, 100 score avg:   85.95
Episode: 10240, Score:   84.82, 100 score avg:   83.73
Episode: 10496, Score:   79.28, 100 score avg:   92.71
Episode: 10752, Score:   99.32, 100 score avg:   98.02
Episode: 11008, Score:   76.72, 100 score avg:   88.48
Episode: 11264, Score:  109.20, 100 score avg:   91.17
Episode: 11520, Score:  102.88, 100 score avg:   92.69
Episode: 11776, Score:  136.12, 100 score avg:  101.60
Episode: 12032, Score:  115.91, 100 score avg:   95.56
Episode: 12288, Score:   88.50, 100 score avg:   97.28
Episode: 12544, Score:  116.16, 100 score avg:  101.11
Episode: 12800, Score:  107.06, 100 score avg:  104.41
Episode: 13056, Score:   84.09, 100 score avg:   99.83
Episode: 13312, Score:  105.15, 100 score avg:  100.77
Episode: 13568, Score:  114.36, 100 score avg:  113.38
Episode: 13824, Score:  127.52, 100 score avg:  108.06
Episode: 14080, Score:  158.51, 100 score avg:  115.69
Episode: 14336, Score:  105.55, 100 score avg:  110.66
Episode: 14592, Score:  119.55, 100 score avg:  112.95
Episode: 14848, Score:   79.81, 100 score avg:  121.61
Episode: 15104, Score:  113.10, 100 score avg:  113.97
Episode: 15360, Score:  127.71, 100 score avg:  109.80
Episode: 15616, Score:   85.39, 100 score avg:  112.51
Episode: 15872, Score:   97.74, 100 score avg:  106.32
Episode: 16128, Score:  241.74, 100 score avg:   90.00
Episode: 16384, Score:  243.99, 100 score avg:  108.17
Episode: 16640, Score:  113.20, 100 score avg:  127.96
Episode: 16896, Score:  117.46, 100 score avg:  127.67
Episode: 17152, Score:  142.25, 100 score avg:  154.85
Episode: 17408, Score:  228.75, 100 score avg:  139.16
Episode: 17664, Score:  103.33, 100 score avg:  149.86
Episode: 17920, Score:   96.50, 100 score avg:  142.31
Episode: 18176, Score:  122.08, 100 score avg:  151.13
Episode: 18432, Score:  273.60, 100 score avg:  168.36
Episode: 18688, Score:  250.86, 100 score avg:  168.16
Episode: 18944, Score:  129.88, 100 score avg:  162.24
Episode: 19200, Score:  239.33, 100 score avg:  152.64
Episode: 19456, Score:  223.13, 100 score avg:  170.10
Episode: 19712, Score:  122.78, 100 score avg:  158.48
Episode: 19968, Score:  103.08, 100 score avg:  176.60
Episode: 20224, Score:   99.23, 100 score avg:  188.48
Episode: 20480, Score:  266.42, 100 score avg:  161.79
Episode: 20736, Score:  115.05, 100 score avg:  167.43
Episode: 20992, Score:  130.73, 100 score avg:  170.99
Episode: 21248, Score:  251.18, 100 score avg:  185.19
Episode: 21504, Score:  241.42, 100 score avg:  174.86
Episode: 21760, Score:  228.30, 100 score avg:  184.95
Episode: 22016, Score:  181.00, 100 score avg:  177.28
Episode: 22272, Score:  304.28, 100 score avg:  199.03
Episode: 22528, Score:   -5.83, 100 score avg:  183.97
Episode: 22784, Score:  248.60, 100 score avg:  182.49
Episode: 23040, Score:  235.75, 100 score avg:  178.53
Episode: 23296, Score:  280.61, 100 score avg:  191.76
Episode: 23552, Score:  233.66, 100 score avg:  191.56
Episode: 23808, Score:  227.13, 100 score avg:  197.15
Episode: 24064, Score:  257.77, 100 score avg:  197.92
Episode: 24320, Score:  240.75, 100 score avg:  187.53
Episode: 24576, Score:   12.96, 100 score avg:  182.84
Episode: 24832, Score:  263.22, 100 score avg:  202.71
Episode: 25088, Score:  252.18, 100 score avg:  196.88
Episode: 25344, Score:  254.20, 100 score avg:  193.68
Episode: 25600, Score:   90.34, 100 score avg:  190.20
Episode: 25856, Score:  248.93, 100 score avg:  196.12
Episode: 26112, Score:  283.39, 100 score avg:  188.35
Episode: 26368, Score:  267.44, 100 score avg:  187.97
Episode: 26624, Score:  141.96, 100 score avg:  201.27
Episode: 26880, Score:  148.44, 100 score avg:  199.99
Episode: 27136, Score:  135.92, 100 score avg:  205.59
Episode: 27392, Score:  246.12, 100 score avg:  188.75
Episode: 27648, Score:  269.51, 100 score avg:  206.68
Episode: 27904, Score:  251.43, 100 score avg:  215.54
Episode: 28160, Score:  260.62, 100 score avg:  195.17
Episode: 28416, Score:   92.52, 100 score avg:  187.51
Episode: 28672, Score:   84.85, 100 score avg:  194.06
Episode: 28928, Score:  135.17, 100 score avg:  142.94
Episode: 29184, Score:  133.80, 100 score avg:  163.07
Episode: 29440, Score:  144.28, 100 score avg:  149.44
Episode: 29696, Score:  135.00, 100 score avg:  183.87
Episode: 29952, Score:  159.31, 100 score avg:  170.63
Episode: 30208, Score:  250.51, 100 score avg:  181.29
Episode: 30464, Score:  263.46, 100 score avg:  167.47
Episode: 30720, Score:  155.57, 100 score avg:  170.91
Episode: 30976, Score:  251.93, 100 score avg:  192.53
Episode: 31232, Score:  250.47, 100 score avg:  198.36
Episode: 31488, Score:  281.41, 100 score avg:  206.27
Episode: 31744, Score:  129.69, 100 score avg:  201.28
Episode: 32000, Score:  268.59, 100 score avg:  215.06
Episode: 32256, Score:  274.98, 100 score avg:  205.53
Episode: 32512, Score:  253.52, 100 score avg:  158.18
Episode: 32768, Score:  254.26, 100 score avg:  208.15
Episode: 33024, Score:  164.61, 100 score avg:  217.42
Episode: 33280, Score:  274.44, 100 score avg:  208.24
Episode: 33536, Score:  258.73, 100 score avg:  189.80
Episode: 33792, Score:  250.67, 100 score avg:  208.05
Episode: 34048, Score:  158.34, 100 score avg:  207.42
Episode: 34304, Score:  167.91, 100 score avg:  217.53
Episode: 34560, Score:  170.58, 100 score avg:  196.76
Episode: 34816, Score:  163.71, 100 score avg:  188.45
Episode: 35072, Score:   -6.54, 100 score avg:  147.61
Episode: 35328, Score:  176.53, 100 score avg:  202.47
Episode: 35584, Score:  146.23, 100 score avg:  183.69
Episode: 35840, Score:  275.38, 100 score avg:  211.60
Episode: 36096, Score:  246.59, 100 score avg:  212.54
Episode: 36352, Score:  173.79, 100 score avg:  209.84
Episode: 36608, Score:  169.82, 100 score avg:  205.50
Episode: 36864, Score:  246.97, 100 score avg:  213.05
Episode: 37120, Score:  272.08, 100 score avg:  221.30
Episode: 37376, Score:  267.27, 100 score avg:  215.73
Episode: 37632, Score:  290.41, 100 score avg:  157.29
Episode: 37888, Score:  272.76, 100 score avg:  213.70
Episode: 38144, Score:  251.02, 100 score avg:  202.74
Episode: 38400, Score:  256.91, 100 score avg:  210.38
Episode: 38656, Score:  272.45, 100 score avg:  203.21
Episode: 38912, Score:  153.15, 100 score avg:  208.04
Episode: 39168, Score:  248.78, 100 score avg:  209.13
Episode: 39424, Score:  136.12, 100 score avg:  211.65
Episode: 39680, Score:  252.80, 100 score avg:  189.25
Episode: 39936, Score:  257.00, 100 score avg:  201.12
Episode: 40192, Score:  265.74, 100 score avg:  221.84
Episode: 40448, Score:  302.34, 100 score avg:  212.98
Episode: 40704, Score:  240.12, 100 score avg:  212.52
Episode: 40960, Score:  264.45, 100 score avg:  210.72
